{"timestamp":"2026-05-12T06:00:01.569561Z","level":"warning","event":"section/key [openlineage/namespace] not found in config","logger":"airflow.configuration","filename":"configuration.py","lineno":1111}
{"timestamp":"2026-05-12T06:00:02.030182Z","level":"info","event":"DAG bundles loaded: dags-folder","logger":"airflow.dag_processing.bundles.manager.DagBundlesManager","filename":"manager.py","lineno":179}
{"timestamp":"2026-05-12T06:00:02.032167Z","level":"info","event":"Filling up the DagBag from /opt/airflow/dags/dbt_novapay.py","logger":"airflow.models.dagbag.DagBag","filename":"dagbag.py","lineno":593}
{"timestamp":"2026-05-12T06:00:02.103278Z","level":"info","event":"::group::Cosmos DAG parsing logs","logger":"cosmos.converter","filename":"converter.py","lineno":286}
{"timestamp":"2026-05-12T06:00:02.106827Z","level":"info","event":"Trying to parse the dbt project using dbt ls cache cosmos_cache__dbt_novapay...","logger":"cosmos.dbt.graph","filename":"graph.py","lineno":781}
{"timestamp":"2026-05-12T06:00:03.467946Z","level":"info","event":"Cosmos performance: time to calculate cache identifier cosmos_cache__dbt_novapay for current version: 1.3014594539999962","logger":"cosmos.cache","filename":"cache.py","lineno":329}
{"timestamp":"2026-05-12T06:00:03.468453Z","level":"info","event":"Cosmos performance [97b6b0d931df|1080]: The cache size for cosmos_cache__dbt_novapay is 49100","logger":"cosmos.dbt.graph","filename":"graph.py","lineno":798}
{"timestamp":"2026-05-12T06:00:03.472571Z","level":"info","event":"Cosmos performance: Cache hit for cosmos_cache__dbt_novapay - 6cbafbe5c2b1b9505d9de86b539c274e,d41d8cd98f00b204e9800998ecf8427e","logger":"cosmos.dbt.graph","filename":"graph.py","lineno":806}
{"timestamp":"2026-05-12T06:00:03.473271Z","level":"info","event":"Total nodes: 54","logger":"cosmos.dbt.graph","filename":"graph.py","lineno":711}
{"timestamp":"2026-05-12T06:00:03.473373Z","level":"info","event":"Total filtered nodes: 54","logger":"cosmos.dbt.graph","filename":"graph.py","lineno":712}
{"timestamp":"2026-05-12T06:00:05.628919Z","level":"info","event":"Cosmos performance (dbt_novapay) -  [97b6b0d931df|1080]: It took 3.52s to parse the dbt project for DAG using LoadMode.DBT_LS_CACHE","logger":"cosmos.converter","filename":"converter.py","lineno":333}
{"timestamp":"2026-05-12T06:00:05.792422Z","level":"info","event":"Cosmos performance (dbt_novapay) - [97b6b0d931df|1080]: It took 0.164s to build the Airflow DAG.","logger":"cosmos.converter","filename":"converter.py","lineno":380}
{"timestamp":"2026-05-12T06:00:05.792566Z","level":"info","event":"::endgroup::Cosmos DAG parsing logs","logger":"cosmos.converter","filename":"converter.py","lineno":383}
{"timestamp":"2026-05-12T06:00:09.479706Z","level":"info","event":"dbtRunner is available. Using dbtRunner for invoking dbt.","logger":"cosmos.operators.local","filename":"local.py","lineno":269}
{"timestamp":"2026-05-12T06:00:09.480745Z","level":"info","event":"Cloning project to writable temp directory /tmp/tmpl888llld from /opt/airflow/Novapay","logger":"cosmos.operators.local","filename":"local.py","lineno":494}
{"timestamp":"2026-05-12T06:00:09.514727Z","level":"info","event":"Partial parse is enabled and the latest partial parse file is /tmp/cosmos/dbt_novapay/target/partial_parse.msgpack","logger":"cosmos.operators.local","filename":"local.py","lineno":514}
{"timestamp":"2026-05-12T06:00:09.567117Z","level":"info","event":"Profile caching is enable.","logger":"cosmos.config","filename":"config.py","lineno":382}
{"timestamp":"2026-05-12T06:00:09.616812Z","level":"info","event":"Profile found in cache using profile: /tmp/cosmos/profile/df31b6356d2d01483c014de535f802edd8aba27a84d09a429b96083edcb00d06/profiles.yml.","logger":"cosmos.config","filename":"config.py","lineno":362}
{"timestamp":"2026-05-12T06:00:09.636395Z","level":"info","event":"Trying to run dbtRunner with:\n ['deps', '--project-dir', '/tmp/tmpl888llld', '--profiles-dir', '/tmp/cosmos/profile/df31b6356d2d01483c014de535f802edd8aba27a84d09a429b96083edcb00d06', '--profile', 'default', '--target', 'dev', '--no-static-parser']\n in /tmp/tmpl888llld","logger":"cosmos.dbt.runner","filename":"runner.py","lineno":98}
{"timestamp":"2026-05-12T06:00:09.887269Z","level":"info","event":"\u001b[0m06:00:09  Running with dbt=1.11.9","logger":"task.stdout"}
{"timestamp":"2026-05-12T06:00:10.450119Z","level":"info","event":"::group::Cosmos DAG parsing logs","logger":"cosmos.converter","filename":"converter.py","lineno":286}
{"timestamp":"2026-05-12T06:00:10.455664Z","level":"info","event":"Trying to parse the dbt project using dbt ls cache cosmos_cache__dbt_novapay...","logger":"cosmos.dbt.graph","filename":"graph.py","lineno":781}
{"timestamp":"2026-05-12T06:00:10.456509Z","level":"warning","event":"Using Variable.get from `airflow.models` is deprecated.Please use `get` on Variable from sdk(`airflow.sdk.Variable`) instead","category":"DeprecationWarning","filename":"/home/airflow/.local/lib/python3.12/site-packages/airflow/models/variable.py","lineno":151,"logger":"py.warnings"}
{"timestamp":"2026-05-12T06:00:12.721475Z","level":"info","event":"Cosmos performance: time to calculate cache identifier cosmos_cache__dbt_novapay for current version: 2.248418185999981","logger":"cosmos.cache","filename":"cache.py","lineno":329}
{"timestamp":"2026-05-12T06:00:12.722058Z","level":"info","event":"Cosmos performance [97b6b0d931df|1080]: The cache size for cosmos_cache__dbt_novapay is 49100","logger":"cosmos.dbt.graph","filename":"graph.py","lineno":798}
{"timestamp":"2026-05-12T06:00:12.733230Z","level":"info","event":"Cosmos performance: Cache hit for cosmos_cache__dbt_novapay - 6cbafbe5c2b1b9505d9de86b539c274e,d41d8cd98f00b204e9800998ecf8427e","logger":"cosmos.dbt.graph","filename":"graph.py","lineno":806}
{"timestamp":"2026-05-12T06:00:12.735492Z","level":"info","event":"Total nodes: 54","logger":"cosmos.dbt.graph","filename":"graph.py","lineno":711}
{"timestamp":"2026-05-12T06:00:12.735783Z","level":"info","event":"Total filtered nodes: 54","logger":"cosmos.dbt.graph","filename":"graph.py","lineno":712}
{"timestamp":"2026-05-12T06:00:15.250644Z","level":"info","event":"Cosmos performance (dbt_novapay) -  [97b6b0d931df|1080]: It took 4.79s to parse the dbt project for DAG using LoadMode.DBT_LS_CACHE","logger":"cosmos.converter","filename":"converter.py","lineno":333}
{"timestamp":"2026-05-12T06:00:15.557702Z","level":"info","event":"Cosmos performance (dbt_novapay) - [97b6b0d931df|1080]: It took 0.307s to build the Airflow DAG.","logger":"cosmos.converter","filename":"converter.py","lineno":380}
{"timestamp":"2026-05-12T06:00:15.559024Z","level":"info","event":"::endgroup::Cosmos DAG parsing logs","logger":"cosmos.converter","filename":"converter.py","lineno":383}
{"timestamp":"2026-05-12T06:00:16.274574Z","level":"info","event":"\u001b[0m06:00:16  Installing dbt-labs/dbt_utils","logger":"task.stdout"}
{"timestamp":"2026-05-12T06:00:17.302270Z","level":"info","event":"\u001b[0m06:00:17  Installed from version 1.3.3","logger":"task.stdout"}
{"timestamp":"2026-05-12T06:00:17.304330Z","level":"info","event":"\u001b[0m06:00:17  Up to date!","logger":"task.stdout"}
{"timestamp":"2026-05-12T06:00:17.306682Z","level":"info","event":"\u001b[0m06:00:17  Installing Datavault-UK/automate_dv","logger":"task.stdout"}
{"timestamp":"2026-05-12T06:00:18.110622Z","level":"info","event":"\u001b[0m06:00:18  Installed from version 0.11.5","logger":"task.stdout"}
{"timestamp":"2026-05-12T06:00:18.111392Z","level":"info","event":"\u001b[0m06:00:18  Up to date!","logger":"task.stdout"}
{"timestamp":"2026-05-12T06:00:18.632624Z","level":"info","event":"Trying to run dbtRunner with:\n ['run', '--select', 'fqn:NovaPay.staging.dv.stg_dv_accounts', '--project-dir', '/tmp/tmpl888llld', '--profiles-dir', '/tmp/cosmos/profile/df31b6356d2d01483c014de535f802edd8aba27a84d09a429b96083edcb00d06', '--profile', 'default', '--target', 'dev', '--no-static-parser']\n in /tmp/tmpl888llld","logger":"cosmos.dbt.runner","filename":"runner.py","lineno":98}
{"timestamp":"2026-05-12T06:00:18.672074Z","level":"info","event":"\u001b[0m06:00:18  Running with dbt=1.11.9","logger":"task.stdout"}
{"timestamp":"2026-05-12T06:00:23.586011Z","level":"info","event":"\u001b[0m06:00:23  Registered adapter: snowflake=1.11.4","logger":"task.stdout"}
{"timestamp":"2026-05-12T06:00:29.943719Z","level":"info","event":"\u001b[0m06:00:29  Found 22 models, 1 snapshot, 23 data tests, 8 sources, 920 macros","logger":"task.stdout"}
{"timestamp":"2026-05-12T06:00:29.953106Z","level":"info","event":"\u001b[0m06:00:29","logger":"task.stdout"}
{"timestamp":"2026-05-12T06:00:29.954493Z","level":"info","event":"\u001b[0m06:00:29  Concurrency: 4 threads (target='dev')","logger":"task.stdout"}
{"timestamp":"2026-05-12T06:00:29.955519Z","level":"info","event":"\u001b[0m06:00:29","logger":"task.stdout"}
{"timestamp":"2026-05-12T06:00:34.790235Z","level":"info","event":"\u001b[0m06:00:34  1 of 1 START sql view model PUBLIC.stg_dv_accounts ............................. [RUN]","logger":"task.stdout"}
{"timestamp":"2026-05-12T06:00:36.202562Z","level":"info","event":"\u001b[0m06:00:36  [NOVAPAY_STAGING.PUBLIC.stg_dv_accounts] Warning: You provided a list of columns under a 'columns' key, but did not provide the 'is_hashdiff' flag. Use list syntax for PKs.","logger":"task.stdout"}
{"timestamp":"2026-05-12T06:00:37.960649Z","level":"info","event":"\u001b[0m06:00:37  1 of 1 OK created sql view model PUBLIC.stg_dv_accounts ........................ [\u001b[32mSUCCESS 1\u001b[0m in 3.17s]","logger":"task.stdout"}
{"timestamp":"2026-05-12T06:00:38.642222Z","level":"info","event":"\u001b[0m06:00:38","logger":"task.stdout"}
{"timestamp":"2026-05-12T06:00:38.642947Z","level":"info","event":"\u001b[0m06:00:38  Finished running 1 view model in 0 hours 0 minutes and 8.69 seconds (8.69s).","logger":"task.stdout"}
{"timestamp":"2026-05-12T06:00:38.800485Z","level":"info","event":"\u001b[0m06:00:38","logger":"task.stdout"}
{"timestamp":"2026-05-12T06:00:38.801902Z","level":"info","event":"\u001b[0m06:00:38  \u001b[32mCompleted successfully\u001b[0m","logger":"task.stdout"}
{"timestamp":"2026-05-12T06:00:38.803061Z","level":"info","event":"\u001b[0m06:00:38","logger":"task.stdout"}
{"timestamp":"2026-05-12T06:00:38.804711Z","level":"info","event":"\u001b[0m06:00:38  Done. PASS=1 WARN=0 ERROR=0 SKIP=0 NO-OP=0 TOTAL=1","logger":"task.stdout"}
{"timestamp":"2026-05-12T06:00:40.154761Z","level":"warning","event":"Airflow 3.0.0 Asset (Dataset) URIs validation rules changed and OpenLineage URIs (standard used by Cosmos) are no longer accepted. Therefore, if using Cosmos with Airflow 3, the Airflow Asset (Dataset) URI is now <snowflake://YPWBZFM-AZ37177/NOVAPAY_RAW/TRANSACTIONS/accounts>. Before, with Airflow 2.x, the URI used to be <snowflake://YPWBZFM-AZ37177/NOVAPAY_RAW.TRANSACTIONS.accounts>. Please, change any DAGs that were scheduled using the old standard to the new one.","logger":"cosmos.dataset","filename":"dataset.py","lineno":227}
{"timestamp":"2026-05-12T06:00:45.358104Z","level":"warning","event":"Airflow 3.0.0 Asset (Dataset) URIs validation rules changed and OpenLineage URIs (standard used by Cosmos) are no longer accepted. Therefore, if using Cosmos with Airflow 3, the Airflow Asset (Dataset) URI is now <snowflake://YPWBZFM-AZ37177/NOVAPAY_STAGING/PUBLIC/stg_dv_accounts>. Before, with Airflow 2.x, the URI used to be <snowflake://YPWBZFM-AZ37177/NOVAPAY_STAGING.PUBLIC.stg_dv_accounts>. Please, change any DAGs that were scheduled using the old standard to the new one.","logger":"cosmos.dataset","filename":"dataset.py","lineno":227}
{"timestamp":"2026-05-12T06:00:45.360641Z","level":"info","event":"Inlets: [Asset(name='snowflake://YPWBZFM-AZ37177/NOVAPAY_RAW/TRANSACTIONS/accounts', uri='snowflake://YPWBZFM-AZ37177/NOVAPAY_RAW/TRANSACTIONS/accounts', group='asset', extra={}, watchers=[])]","logger":"cosmos.operators.local","filename":"local.py","lineno":571}
{"timestamp":"2026-05-12T06:00:45.361337Z","level":"info","event":"Outlets: [Asset(name='snowflake://YPWBZFM-AZ37177/NOVAPAY_STAGING/PUBLIC/stg_dv_accounts', uri='snowflake://YPWBZFM-AZ37177/NOVAPAY_STAGING/PUBLIC/stg_dv_accounts', group='asset', extra={}, watchers=[])]","logger":"cosmos.operators.local","filename":"local.py","lineno":572}
{"timestamp":"2026-05-12T06:00:45.362458Z","level":"info","event":"Assigning outlets with DatasetAlias in Airflow 3","logger":"cosmos.operators.local","filename":"local.py","lineno":820}
