{"timestamp":"2026-05-12T05:18:36.963870Z","level":"warning","event":"section/key [openlineage/namespace] not found in config","logger":"airflow.configuration","filename":"configuration.py","lineno":1111}
{"timestamp":"2026-05-12T05:18:37.324103Z","level":"info","event":"DAG bundles loaded: dags-folder","logger":"airflow.dag_processing.bundles.manager.DagBundlesManager","filename":"manager.py","lineno":179}
{"timestamp":"2026-05-12T05:18:37.326032Z","level":"info","event":"Filling up the DagBag from /opt/airflow/dags/dbt_novapay.py","logger":"airflow.models.dagbag.DagBag","filename":"dagbag.py","lineno":593}
{"timestamp":"2026-05-12T05:18:37.392810Z","level":"info","event":"::group::Cosmos DAG parsing logs","logger":"cosmos.converter","filename":"converter.py","lineno":286}
{"timestamp":"2026-05-12T05:18:37.397323Z","level":"info","event":"Trying to parse the dbt project using dbt ls cache cosmos_cache__dbt_novapay...","logger":"cosmos.dbt.graph","filename":"graph.py","lineno":781}
{"timestamp":"2026-05-12T05:18:40.948753Z","level":"info","event":"Cosmos performance: time to calculate cache identifier cosmos_cache__dbt_novapay for current version: 3.2852219160004097","logger":"cosmos.cache","filename":"cache.py","lineno":329}
{"timestamp":"2026-05-12T05:18:40.949395Z","level":"info","event":"Cosmos performance [97b6b0d931df|117]: The cache size for cosmos_cache__dbt_novapay is 49100","logger":"cosmos.dbt.graph","filename":"graph.py","lineno":798}
{"timestamp":"2026-05-12T05:18:40.952467Z","level":"info","event":"Cosmos performance: Cache hit for cosmos_cache__dbt_novapay - 6cbafbe5c2b1b9505d9de86b539c274e,d41d8cd98f00b204e9800998ecf8427e","logger":"cosmos.dbt.graph","filename":"graph.py","lineno":806}
{"timestamp":"2026-05-12T05:18:40.953324Z","level":"info","event":"Total nodes: 54","logger":"cosmos.dbt.graph","filename":"graph.py","lineno":711}
{"timestamp":"2026-05-12T05:18:40.953453Z","level":"info","event":"Total filtered nodes: 54","logger":"cosmos.dbt.graph","filename":"graph.py","lineno":712}
{"timestamp":"2026-05-12T05:18:43.954358Z","level":"info","event":"Cosmos performance (dbt_novapay) -  [97b6b0d931df|117]: It took 6.56s to parse the dbt project for DAG using LoadMode.DBT_LS_CACHE","logger":"cosmos.converter","filename":"converter.py","lineno":333}
{"timestamp":"2026-05-12T05:18:44.243116Z","level":"info","event":"Cosmos performance (dbt_novapay) - [97b6b0d931df|117]: It took 0.289s to build the Airflow DAG.","logger":"cosmos.converter","filename":"converter.py","lineno":380}
{"timestamp":"2026-05-12T05:18:44.243374Z","level":"info","event":"::endgroup::Cosmos DAG parsing logs","logger":"cosmos.converter","filename":"converter.py","lineno":383}
{"timestamp":"2026-05-12T05:18:49.511276Z","level":"info","event":"dbtRunner is available. Using dbtRunner for invoking dbt.","logger":"cosmos.operators.local","filename":"local.py","lineno":269}
{"timestamp":"2026-05-12T05:18:49.517980Z","level":"info","event":"Cloning project to writable temp directory /tmp/tmp2xyebprh from /opt/airflow/Novapay","logger":"cosmos.operators.local","filename":"local.py","lineno":494}
{"timestamp":"2026-05-12T05:18:49.616975Z","level":"info","event":"Partial parse is enabled and the latest partial parse file is /opt/airflow/Novapay/target/partial_parse.msgpack","logger":"cosmos.operators.local","filename":"local.py","lineno":514}
{"timestamp":"2026-05-12T05:18:50.075277Z","level":"info","event":"Profile caching is enable.","logger":"cosmos.config","filename":"config.py","lineno":382}
{"timestamp":"2026-05-12T05:18:50.352770Z","level":"info","event":"Profile found in cache using profile: /tmp/cosmos/profile/df31b6356d2d01483c014de535f802edd8aba27a84d09a429b96083edcb00d06/profiles.yml.","logger":"cosmos.config","filename":"config.py","lineno":362}
{"timestamp":"2026-05-12T05:18:50.422436Z","level":"info","event":"Trying to run dbtRunner with:\n ['deps', '--project-dir', '/tmp/tmp2xyebprh', '--profiles-dir', '/tmp/cosmos/profile/df31b6356d2d01483c014de535f802edd8aba27a84d09a429b96083edcb00d06', '--profile', 'default', '--target', 'dev', '--no-static-parser']\n in /tmp/tmp2xyebprh","logger":"cosmos.dbt.runner","filename":"runner.py","lineno":98}
{"timestamp":"2026-05-12T05:18:51.082402Z","level":"info","event":"\u001b[0m05:18:51  Running with dbt=1.11.9","logger":"task.stdout"}
{"timestamp":"2026-05-12T05:18:51.961755Z","level":"info","event":"::group::Cosmos DAG parsing logs","logger":"cosmos.converter","filename":"converter.py","lineno":286}
{"timestamp":"2026-05-12T05:18:51.972401Z","level":"info","event":"Trying to parse the dbt project using dbt ls cache cosmos_cache__dbt_novapay...","logger":"cosmos.dbt.graph","filename":"graph.py","lineno":781}
{"timestamp":"2026-05-12T05:18:51.973378Z","level":"warning","event":"Using Variable.get from `airflow.models` is deprecated.Please use `get` on Variable from sdk(`airflow.sdk.Variable`) instead","category":"DeprecationWarning","filename":"/home/airflow/.local/lib/python3.12/site-packages/airflow/models/variable.py","lineno":151,"logger":"py.warnings"}
{"timestamp":"2026-05-12T05:18:58.582201Z","level":"info","event":"Cosmos performance: time to calculate cache identifier cosmos_cache__dbt_novapay for current version: 3.9556433809993905","logger":"cosmos.cache","filename":"cache.py","lineno":329}
{"timestamp":"2026-05-12T05:18:58.582564Z","level":"info","event":"Cosmos performance [97b6b0d931df|117]: The cache size for cosmos_cache__dbt_novapay is 49100","logger":"cosmos.dbt.graph","filename":"graph.py","lineno":798}
{"timestamp":"2026-05-12T05:18:58.590109Z","level":"info","event":"Cosmos performance: Cache hit for cosmos_cache__dbt_novapay - 6cbafbe5c2b1b9505d9de86b539c274e,d41d8cd98f00b204e9800998ecf8427e","logger":"cosmos.dbt.graph","filename":"graph.py","lineno":806}
{"timestamp":"2026-05-12T05:18:58.591463Z","level":"info","event":"Total nodes: 54","logger":"cosmos.dbt.graph","filename":"graph.py","lineno":711}
{"timestamp":"2026-05-12T05:18:58.591773Z","level":"info","event":"Total filtered nodes: 54","logger":"cosmos.dbt.graph","filename":"graph.py","lineno":712}
{"timestamp":"2026-05-12T05:19:01.858132Z","level":"info","event":"Cosmos performance (dbt_novapay) -  [97b6b0d931df|117]: It took 7.27s to parse the dbt project for DAG using LoadMode.DBT_LS_CACHE","logger":"cosmos.converter","filename":"converter.py","lineno":333}
{"timestamp":"2026-05-12T05:19:02.042958Z","level":"info","event":"Cosmos performance (dbt_novapay) - [97b6b0d931df|117]: It took 0.185s to build the Airflow DAG.","logger":"cosmos.converter","filename":"converter.py","lineno":380}
{"timestamp":"2026-05-12T05:19:02.043382Z","level":"info","event":"::endgroup::Cosmos DAG parsing logs","logger":"cosmos.converter","filename":"converter.py","lineno":383}
{"timestamp":"2026-05-12T05:19:02.471667Z","level":"info","event":"\u001b[0m05:19:02  Installing dbt-labs/dbt_utils","logger":"task.stdout"}
{"timestamp":"2026-05-12T05:19:03.012511Z","level":"info","event":"\u001b[0m05:19:03  Installed from version 1.3.3","logger":"task.stdout"}
{"timestamp":"2026-05-12T05:19:03.013343Z","level":"info","event":"\u001b[0m05:19:03  Up to date!","logger":"task.stdout"}
{"timestamp":"2026-05-12T05:19:03.014194Z","level":"info","event":"\u001b[0m05:19:03  Installing Datavault-UK/automate_dv","logger":"task.stdout"}
{"timestamp":"2026-05-12T05:19:03.608104Z","level":"info","event":"\u001b[0m05:19:03  Installed from version 0.11.5","logger":"task.stdout"}
{"timestamp":"2026-05-12T05:19:03.638157Z","level":"info","event":"\u001b[0m05:19:03  Up to date!","logger":"task.stdout"}
{"timestamp":"2026-05-12T05:19:04.893808Z","level":"info","event":"Trying to run dbtRunner with:\n ['run', '--select', 'fqn:NovaPay.staging.vendor.stg_vendor__product_catalog', '--project-dir', '/tmp/tmp2xyebprh', '--profiles-dir', '/tmp/cosmos/profile/df31b6356d2d01483c014de535f802edd8aba27a84d09a429b96083edcb00d06', '--profile', 'default', '--target', 'dev', '--no-static-parser']\n in /tmp/tmp2xyebprh","logger":"cosmos.dbt.runner","filename":"runner.py","lineno":98}
{"timestamp":"2026-05-12T05:19:04.946797Z","level":"info","event":"\u001b[0m05:19:04  Running with dbt=1.11.9","logger":"task.stdout"}
{"timestamp":"2026-05-12T05:19:07.067488Z","level":"info","event":"\u001b[0m05:19:07  Registered adapter: snowflake=1.11.4","logger":"task.stdout"}
{"timestamp":"2026-05-12T05:19:10.449912Z","level":"info","event":"\u001b[0m05:19:10  Unable to do partial parsing because of a version mismatch","logger":"task.stdout"}
{"timestamp":"2026-05-12T05:19:11.140367Z","level":"info","event":"\u001b[0m05:19:11  [\u001b[33mWARNING\u001b[0m][PropertyMovedToConfigDeprecation]: Deprecated functionality","logger":"task.stdout"}
{"timestamp":"2026-05-12T05:19:11.140856Z","level":"info","event":"Found `freshness` as a top-level property of `sources[0]` in file","logger":"task.stdout"}
{"timestamp":"2026-05-12T05:19:11.141307Z","level":"info","event":"`models/staging/sources.yml`. The `freshness` top-level property should be moved","logger":"task.stdout"}
{"timestamp":"2026-05-12T05:19:11.141844Z","level":"info","event":"into the `config` of `sources[0]`.","logger":"task.stdout"}
{"timestamp":"2026-05-12T05:19:24.556496Z","level":"info","event":"\u001b[0m05:19:24  [\u001b[33mWARNING\u001b[0m][MissingArgumentsPropertyInGenericTestDeprecation]: Deprecated","logger":"task.stdout"}
{"timestamp":"2026-05-12T05:19:24.557173Z","level":"info","event":"functionality","logger":"task.stdout"}
{"timestamp":"2026-05-12T05:19:24.557782Z","level":"info","event":"Found top-level arguments to test `relationships` defined on","logger":"task.stdout"}
{"timestamp":"2026-05-12T05:19:24.558392Z","level":"info","event":"'stg_crm__customer_interactions' in package 'NovaPay'","logger":"task.stdout"}
{"timestamp":"2026-05-12T05:19:24.558906Z","level":"info","event":"(models/staging/crm/stg_crm__customer_interactions.yml). Arguments to generic","logger":"task.stdout"}
{"timestamp":"2026-05-12T05:19:24.559377Z","level":"info","event":"tests should be nested under the `arguments` property.","logger":"task.stdout"}
{"timestamp":"2026-05-12T05:19:24.643540Z","level":"info","event":"\u001b[0m05:19:24  [\u001b[33mWARNING\u001b[0m]: Did not find matching node for patch with name 'customer_id' in the 'models' section of file 'models/staging/transactions/stg_transactions__accounts.yml'","logger":"task.stdout"}
{"timestamp":"2026-05-12T05:19:24.973417Z","level":"info","event":"\u001b[0m05:19:24  [\u001b[33mWARNING\u001b[0m]: Test 'test.NovaPay.relationships_customer_id_customer_id__ref_stg_crm__customers_.3feedcdb7e' (models/staging/transactions/stg_transactions__accounts.yml) depends on a node named 'customer_id' in package '' which was not found","logger":"task.stdout"}
{"timestamp":"2026-05-12T05:19:26.816405Z","level":"info","event":"\u001b[0m05:19:26  Found 22 models, 1 snapshot, 23 data tests, 8 sources, 920 macros","logger":"task.stdout"}
{"timestamp":"2026-05-12T05:19:26.878527Z","level":"info","event":"\u001b[0m05:19:26","logger":"task.stdout"}
{"timestamp":"2026-05-12T05:19:26.879320Z","level":"info","event":"\u001b[0m05:19:26  Concurrency: 4 threads (target='dev')","logger":"task.stdout"}
{"timestamp":"2026-05-12T05:19:26.880364Z","level":"info","event":"\u001b[0m05:19:26","logger":"task.stdout"}
{"timestamp":"2026-05-12T05:19:31.511238Z","level":"info","event":"\u001b[0m05:19:31  1 of 1 START sql table model VENDOR.stg_vendor__product_catalog ................ [RUN]","logger":"task.stdout"}
{"timestamp":"2026-05-12T05:19:33.111482Z","level":"info","event":"\u001b[0m05:19:33  1 of 1 OK created sql table model VENDOR.stg_vendor__product_catalog ........... [\u001b[32mSUCCESS 10\u001b[0m in 1.59s]","logger":"task.stdout"}
{"timestamp":"2026-05-12T05:19:34.112622Z","level":"info","event":"\u001b[0m05:19:34","logger":"task.stdout"}
{"timestamp":"2026-05-12T05:19:34.117851Z","level":"info","event":"\u001b[0m05:19:34  Finished running 1 table model in 0 hours 0 minutes and 7.28 seconds (7.28s).","logger":"task.stdout"}
{"timestamp":"2026-05-12T05:19:34.249812Z","level":"info","event":"\u001b[0m05:19:34","logger":"task.stdout"}
{"timestamp":"2026-05-12T05:19:34.250587Z","level":"info","event":"\u001b[0m05:19:34  \u001b[32mCompleted successfully\u001b[0m","logger":"task.stdout"}
{"timestamp":"2026-05-12T05:19:34.253813Z","level":"info","event":"\u001b[0m05:19:34","logger":"task.stdout"}
{"timestamp":"2026-05-12T05:19:34.254448Z","level":"info","event":"\u001b[0m05:19:34  Done. PASS=1 WARN=0 ERROR=0 SKIP=0 NO-OP=0 TOTAL=1","logger":"task.stdout"}
{"timestamp":"2026-05-12T05:19:34.255030Z","level":"info","event":"\u001b[0m05:19:34  [\u001b[33mWARNING\u001b[0m][DeprecationsSummary]: Deprecated functionality","logger":"task.stdout"}
{"timestamp":"2026-05-12T05:19:34.255561Z","level":"info","event":"Summary of encountered deprecations:","logger":"task.stdout"}
{"timestamp":"2026-05-12T05:19:34.256180Z","level":"info","event":"- PropertyMovedToConfigDeprecation: 8 occurrences","logger":"task.stdout"}
{"timestamp":"2026-05-12T05:19:34.256758Z","level":"info","event":"- MissingArgumentsPropertyInGenericTestDeprecation: 6 occurrences","logger":"task.stdout"}
{"timestamp":"2026-05-12T05:19:34.257224Z","level":"info","event":"To see all deprecation instances instead of just the first occurrence of each,","logger":"task.stdout"}
{"timestamp":"2026-05-12T05:19:34.257819Z","level":"info","event":"run command again with the `--show-all-deprecations` flag. You may also need to","logger":"task.stdout"}
{"timestamp":"2026-05-12T05:19:34.258344Z","level":"info","event":"run with `--no-partial-parse` as some deprecations are only encountered during","logger":"task.stdout"}
{"timestamp":"2026-05-12T05:19:34.259623Z","level":"info","event":"parsing.","logger":"task.stdout"}
{"timestamp":"2026-05-12T05:19:35.879482Z","level":"warning","event":"Airflow 3.0.0 Asset (Dataset) URIs validation rules changed and OpenLineage URIs (standard used by Cosmos) are no longer accepted. Therefore, if using Cosmos with Airflow 3, the Airflow Asset (Dataset) URI is now <snowflake://YPWBZFM-AZ37177/NOVAPAY_RAW/VENDOR/product_catalog>. Before, with Airflow 2.x, the URI used to be <snowflake://YPWBZFM-AZ37177/NOVAPAY_RAW.VENDOR.product_catalog>. Please, change any DAGs that were scheduled using the old standard to the new one.","logger":"cosmos.dataset","filename":"dataset.py","lineno":227}
{"timestamp":"2026-05-12T05:19:46.629246Z","level":"warning","event":"Airflow 3.0.0 Asset (Dataset) URIs validation rules changed and OpenLineage URIs (standard used by Cosmos) are no longer accepted. Therefore, if using Cosmos with Airflow 3, the Airflow Asset (Dataset) URI is now <snowflake://YPWBZFM-AZ37177/NOVAPAY_STAGING/VENDOR/stg_vendor__product_catalog>. Before, with Airflow 2.x, the URI used to be <snowflake://YPWBZFM-AZ37177/NOVAPAY_STAGING.VENDOR.stg_vendor__product_catalog>. Please, change any DAGs that were scheduled using the old standard to the new one.","logger":"cosmos.dataset","filename":"dataset.py","lineno":227}
{"timestamp":"2026-05-12T05:19:46.630533Z","level":"info","event":"Inlets: [Asset(name='snowflake://YPWBZFM-AZ37177/NOVAPAY_RAW/VENDOR/product_catalog', uri='snowflake://YPWBZFM-AZ37177/NOVAPAY_RAW/VENDOR/product_catalog', group='asset', extra={}, watchers=[])]","logger":"cosmos.operators.local","filename":"local.py","lineno":571}
{"timestamp":"2026-05-12T05:19:46.630710Z","level":"info","event":"Outlets: [Asset(name='snowflake://YPWBZFM-AZ37177/NOVAPAY_STAGING/VENDOR/stg_vendor__product_catalog', uri='snowflake://YPWBZFM-AZ37177/NOVAPAY_STAGING/VENDOR/stg_vendor__product_catalog', group='asset', extra={}, watchers=[])]","logger":"cosmos.operators.local","filename":"local.py","lineno":572}
{"timestamp":"2026-05-12T05:19:46.630923Z","level":"info","event":"Assigning outlets with DatasetAlias in Airflow 3","logger":"cosmos.operators.local","filename":"local.py","lineno":820}
{"timestamp":"2026-05-12T05:19:52.812923Z","level":"error","event":"Top level error","logger":"task","filename":"task_runner.py","lineno":1562,"error_detail":[{"exc_type":"AirflowRuntimeError","exc_value":"API_SERVER_ERROR: {'status_code': 409, 'message': 'Server returned error', 'detail': {'detail': {'reason': 'invalid_state', 'message': 'TI was not in the running state so it cannot be updated', 'previous_state': 'success'}}}","exc_notes":[],"syntax_error":null,"is_cause":false,"frames":[{"filename":"/home/airflow/.local/lib/python3.12/site-packages/airflow/sdk/execution_time/task_runner.py","lineno":1555,"name":"main"},{"filename":"/home/airflow/.local/lib/python3.12/site-packages/airflow/sdk/execution_time/task_runner.py","lineno":1083,"name":"run"},{"filename":"/home/airflow/.local/lib/python3.12/site-packages/airflow/sdk/execution_time/comms.py","lineno":206,"name":"send"},{"filename":"/home/airflow/.local/lib/python3.12/site-packages/airflow/sdk/execution_time/comms.py","lineno":270,"name":"_get_response"},{"filename":"/home/airflow/.local/lib/python3.12/site-packages/airflow/sdk/execution_time/comms.py","lineno":257,"name":"_from_frame"}],"is_group":false,"exceptions":[]}]}
{"timestamp":"2026-05-12T05:19:52.877270Z","level":"warning","event":"Process exited abnormally","exit_code":1,"logger":"task"}
