{"timestamp":"2026-05-12T06:00:02.340719Z","level":"warning","event":"section/key [openlineage/namespace] not found in config","logger":"airflow.configuration","filename":"configuration.py","lineno":1111}
{"timestamp":"2026-05-12T06:00:02.808887Z","level":"info","event":"DAG bundles loaded: dags-folder","logger":"airflow.dag_processing.bundles.manager.DagBundlesManager","filename":"manager.py","lineno":179}
{"timestamp":"2026-05-12T06:00:02.814071Z","level":"info","event":"Filling up the DagBag from /opt/airflow/dags/dbt_novapay.py","logger":"airflow.models.dagbag.DagBag","filename":"dagbag.py","lineno":593}
{"timestamp":"2026-05-12T06:00:02.988230Z","level":"info","event":"::group::Cosmos DAG parsing logs","logger":"cosmos.converter","filename":"converter.py","lineno":286}
{"timestamp":"2026-05-12T06:00:02.992844Z","level":"info","event":"Trying to parse the dbt project using dbt ls cache cosmos_cache__dbt_novapay...","logger":"cosmos.dbt.graph","filename":"graph.py","lineno":781}
{"timestamp":"2026-05-12T06:00:04.926406Z","level":"info","event":"Cosmos performance: time to calculate cache identifier cosmos_cache__dbt_novapay for current version: 1.9064710640004705","logger":"cosmos.cache","filename":"cache.py","lineno":329}
{"timestamp":"2026-05-12T06:00:04.928151Z","level":"info","event":"Cosmos performance [97b6b0d931df|1082]: The cache size for cosmos_cache__dbt_novapay is 49100","logger":"cosmos.dbt.graph","filename":"graph.py","lineno":798}
{"timestamp":"2026-05-12T06:00:04.933909Z","level":"info","event":"Cosmos performance: Cache hit for cosmos_cache__dbt_novapay - 6cbafbe5c2b1b9505d9de86b539c274e,d41d8cd98f00b204e9800998ecf8427e","logger":"cosmos.dbt.graph","filename":"graph.py","lineno":806}
{"timestamp":"2026-05-12T06:00:04.934451Z","level":"info","event":"Total nodes: 54","logger":"cosmos.dbt.graph","filename":"graph.py","lineno":711}
{"timestamp":"2026-05-12T06:00:04.934584Z","level":"info","event":"Total filtered nodes: 54","logger":"cosmos.dbt.graph","filename":"graph.py","lineno":712}
{"timestamp":"2026-05-12T06:00:06.062256Z","level":"info","event":"Cosmos performance (dbt_novapay) -  [97b6b0d931df|1082]: It took 3.07s to parse the dbt project for DAG using LoadMode.DBT_LS_CACHE","logger":"cosmos.converter","filename":"converter.py","lineno":333}
{"timestamp":"2026-05-12T06:00:06.207703Z","level":"info","event":"Cosmos performance (dbt_novapay) - [97b6b0d931df|1082]: It took 0.146s to build the Airflow DAG.","logger":"cosmos.converter","filename":"converter.py","lineno":380}
{"timestamp":"2026-05-12T06:00:06.207955Z","level":"info","event":"::endgroup::Cosmos DAG parsing logs","logger":"cosmos.converter","filename":"converter.py","lineno":383}
{"timestamp":"2026-05-12T06:00:14.536404Z","level":"info","event":"dbtRunner is available. Using dbtRunner for invoking dbt.","logger":"cosmos.operators.local","filename":"local.py","lineno":269}
{"timestamp":"2026-05-12T06:00:14.537306Z","level":"info","event":"Cloning project to writable temp directory /tmp/tmpjupgv53w from /opt/airflow/Novapay","logger":"cosmos.operators.local","filename":"local.py","lineno":494}
{"timestamp":"2026-05-12T06:00:14.577664Z","level":"info","event":"Partial parse is enabled and the latest partial parse file is /tmp/cosmos/dbt_novapay/target/partial_parse.msgpack","logger":"cosmos.operators.local","filename":"local.py","lineno":514}
{"timestamp":"2026-05-12T06:00:14.626557Z","level":"info","event":"Profile caching is enable.","logger":"cosmos.config","filename":"config.py","lineno":382}
{"timestamp":"2026-05-12T06:00:14.663333Z","level":"info","event":"Profile found in cache using profile: /tmp/cosmos/profile/df31b6356d2d01483c014de535f802edd8aba27a84d09a429b96083edcb00d06/profiles.yml.","logger":"cosmos.config","filename":"config.py","lineno":362}
{"timestamp":"2026-05-12T06:00:14.702425Z","level":"info","event":"Trying to run dbtRunner with:\n ['deps', '--project-dir', '/tmp/tmpjupgv53w', '--profiles-dir', '/tmp/cosmos/profile/df31b6356d2d01483c014de535f802edd8aba27a84d09a429b96083edcb00d06', '--profile', 'default', '--target', 'dev', '--no-static-parser']\n in /tmp/tmpjupgv53w","logger":"cosmos.dbt.runner","filename":"runner.py","lineno":98}
{"timestamp":"2026-05-12T06:00:15.008072Z","level":"info","event":"\u001b[0m06:00:15  Running with dbt=1.11.9","logger":"task.stdout"}
{"timestamp":"2026-05-12T06:00:15.956699Z","level":"info","event":"::group::Cosmos DAG parsing logs","logger":"cosmos.converter","filename":"converter.py","lineno":286}
{"timestamp":"2026-05-12T06:00:15.974606Z","level":"info","event":"Trying to parse the dbt project using dbt ls cache cosmos_cache__dbt_novapay...","logger":"cosmos.dbt.graph","filename":"graph.py","lineno":781}
{"timestamp":"2026-05-12T06:00:15.976021Z","level":"warning","event":"Using Variable.get from `airflow.models` is deprecated.Please use `get` on Variable from sdk(`airflow.sdk.Variable`) instead","category":"DeprecationWarning","filename":"/home/airflow/.local/lib/python3.12/site-packages/airflow/models/variable.py","lineno":151,"logger":"py.warnings"}
{"timestamp":"2026-05-12T06:00:19.173475Z","level":"info","event":"Cosmos performance: time to calculate cache identifier cosmos_cache__dbt_novapay for current version: 3.1658429769995564","logger":"cosmos.cache","filename":"cache.py","lineno":329}
{"timestamp":"2026-05-12T06:00:19.174089Z","level":"info","event":"Cosmos performance [97b6b0d931df|1082]: The cache size for cosmos_cache__dbt_novapay is 49100","logger":"cosmos.dbt.graph","filename":"graph.py","lineno":798}
{"timestamp":"2026-05-12T06:00:19.186518Z","level":"info","event":"Cosmos performance: Cache hit for cosmos_cache__dbt_novapay - 6cbafbe5c2b1b9505d9de86b539c274e,d41d8cd98f00b204e9800998ecf8427e","logger":"cosmos.dbt.graph","filename":"graph.py","lineno":806}
{"timestamp":"2026-05-12T06:00:19.188976Z","level":"info","event":"Total nodes: 54","logger":"cosmos.dbt.graph","filename":"graph.py","lineno":711}
{"timestamp":"2026-05-12T06:00:19.189475Z","level":"info","event":"Total filtered nodes: 54","logger":"cosmos.dbt.graph","filename":"graph.py","lineno":712}
{"timestamp":"2026-05-12T06:00:22.597476Z","level":"info","event":"Cosmos performance (dbt_novapay) -  [97b6b0d931df|1082]: It took 4.99s to parse the dbt project for DAG using LoadMode.DBT_LS_CACHE","logger":"cosmos.converter","filename":"converter.py","lineno":333}
{"timestamp":"2026-05-12T06:00:22.898416Z","level":"info","event":"Cosmos performance (dbt_novapay) - [97b6b0d931df|1082]: It took 0.301s to build the Airflow DAG.","logger":"cosmos.converter","filename":"converter.py","lineno":380}
{"timestamp":"2026-05-12T06:00:22.898932Z","level":"info","event":"::endgroup::Cosmos DAG parsing logs","logger":"cosmos.converter","filename":"converter.py","lineno":383}
{"timestamp":"2026-05-12T06:00:23.532015Z","level":"info","event":"\u001b[0m06:00:23  Installing dbt-labs/dbt_utils","logger":"task.stdout"}
{"timestamp":"2026-05-12T06:00:24.430058Z","level":"info","event":"\u001b[0m06:00:24  Installed from version 1.3.3","logger":"task.stdout"}
{"timestamp":"2026-05-12T06:00:24.430791Z","level":"info","event":"\u001b[0m06:00:24  Up to date!","logger":"task.stdout"}
{"timestamp":"2026-05-12T06:00:24.431416Z","level":"info","event":"\u001b[0m06:00:24  Installing Datavault-UK/automate_dv","logger":"task.stdout"}
{"timestamp":"2026-05-12T06:00:25.204965Z","level":"info","event":"\u001b[0m06:00:25  Installed from version 0.11.5","logger":"task.stdout"}
{"timestamp":"2026-05-12T06:00:25.209562Z","level":"info","event":"\u001b[0m06:00:25  Up to date!","logger":"task.stdout"}
{"timestamp":"2026-05-12T06:00:26.555521Z","level":"info","event":"Trying to run dbtRunner with:\n ['run', '--select', 'fqn:NovaPay.staging.vendor.stg_vendor__product_catalog', '--project-dir', '/tmp/tmpjupgv53w', '--profiles-dir', '/tmp/cosmos/profile/df31b6356d2d01483c014de535f802edd8aba27a84d09a429b96083edcb00d06', '--profile', 'default', '--target', 'dev', '--no-static-parser']\n in /tmp/tmpjupgv53w","logger":"cosmos.dbt.runner","filename":"runner.py","lineno":98}
{"timestamp":"2026-05-12T06:00:26.597885Z","level":"info","event":"\u001b[0m06:00:26  Running with dbt=1.11.9","logger":"task.stdout"}
{"timestamp":"2026-05-12T06:00:28.573106Z","level":"info","event":"\u001b[0m06:00:28  Registered adapter: snowflake=1.11.4","logger":"task.stdout"}
{"timestamp":"2026-05-12T06:00:34.436311Z","level":"info","event":"\u001b[0m06:00:34  Found 22 models, 1 snapshot, 23 data tests, 8 sources, 920 macros","logger":"task.stdout"}
{"timestamp":"2026-05-12T06:00:34.442138Z","level":"info","event":"\u001b[0m06:00:34","logger":"task.stdout"}
{"timestamp":"2026-05-12T06:00:34.442912Z","level":"info","event":"\u001b[0m06:00:34  Concurrency: 4 threads (target='dev')","logger":"task.stdout"}
{"timestamp":"2026-05-12T06:00:34.443929Z","level":"info","event":"\u001b[0m06:00:34","logger":"task.stdout"}
{"timestamp":"2026-05-12T06:00:38.608797Z","level":"info","event":"\u001b[0m06:00:38  1 of 1 START sql table model VENDOR.stg_vendor__product_catalog ................ [RUN]","logger":"task.stdout"}
{"timestamp":"2026-05-12T06:00:39.556554Z","level":"info","event":"\u001b[0m06:00:39  1 of 1 OK created sql table model VENDOR.stg_vendor__product_catalog ........... [\u001b[32mSUCCESS 10\u001b[0m in 0.94s]","logger":"task.stdout"}
{"timestamp":"2026-05-12T06:00:40.049815Z","level":"info","event":"\u001b[0m06:00:40","logger":"task.stdout"}
{"timestamp":"2026-05-12T06:00:40.050825Z","level":"info","event":"\u001b[0m06:00:40  Finished running 1 table model in 0 hours 0 minutes and 5.61 seconds (5.61s).","logger":"task.stdout"}
{"timestamp":"2026-05-12T06:00:40.169564Z","level":"info","event":"\u001b[0m06:00:40","logger":"task.stdout"}
{"timestamp":"2026-05-12T06:00:40.170657Z","level":"info","event":"\u001b[0m06:00:40  \u001b[32mCompleted successfully\u001b[0m","logger":"task.stdout"}
{"timestamp":"2026-05-12T06:00:40.172564Z","level":"info","event":"\u001b[0m06:00:40","logger":"task.stdout"}
{"timestamp":"2026-05-12T06:00:40.173230Z","level":"info","event":"\u001b[0m06:00:40  Done. PASS=1 WARN=0 ERROR=0 SKIP=0 NO-OP=0 TOTAL=1","logger":"task.stdout"}
{"timestamp":"2026-05-12T06:00:41.700759Z","level":"warning","event":"Airflow 3.0.0 Asset (Dataset) URIs validation rules changed and OpenLineage URIs (standard used by Cosmos) are no longer accepted. Therefore, if using Cosmos with Airflow 3, the Airflow Asset (Dataset) URI is now <snowflake://YPWBZFM-AZ37177/NOVAPAY_RAW/VENDOR/product_catalog>. Before, with Airflow 2.x, the URI used to be <snowflake://YPWBZFM-AZ37177/NOVAPAY_RAW.VENDOR.product_catalog>. Please, change any DAGs that were scheduled using the old standard to the new one.","logger":"cosmos.dataset","filename":"dataset.py","lineno":227}
{"timestamp":"2026-05-12T06:00:47.637038Z","level":"warning","event":"Airflow 3.0.0 Asset (Dataset) URIs validation rules changed and OpenLineage URIs (standard used by Cosmos) are no longer accepted. Therefore, if using Cosmos with Airflow 3, the Airflow Asset (Dataset) URI is now <snowflake://YPWBZFM-AZ37177/NOVAPAY_STAGING/VENDOR/stg_vendor__product_catalog>. Before, with Airflow 2.x, the URI used to be <snowflake://YPWBZFM-AZ37177/NOVAPAY_STAGING.VENDOR.stg_vendor__product_catalog>. Please, change any DAGs that were scheduled using the old standard to the new one.","logger":"cosmos.dataset","filename":"dataset.py","lineno":227}
{"timestamp":"2026-05-12T06:00:47.643668Z","level":"info","event":"Inlets: [Asset(name='snowflake://YPWBZFM-AZ37177/NOVAPAY_RAW/VENDOR/product_catalog', uri='snowflake://YPWBZFM-AZ37177/NOVAPAY_RAW/VENDOR/product_catalog', group='asset', extra={}, watchers=[])]","logger":"cosmos.operators.local","filename":"local.py","lineno":571}
{"timestamp":"2026-05-12T06:00:47.647207Z","level":"info","event":"Outlets: [Asset(name='snowflake://YPWBZFM-AZ37177/NOVAPAY_STAGING/VENDOR/stg_vendor__product_catalog', uri='snowflake://YPWBZFM-AZ37177/NOVAPAY_STAGING/VENDOR/stg_vendor__product_catalog', group='asset', extra={}, watchers=[])]","logger":"cosmos.operators.local","filename":"local.py","lineno":572}
{"timestamp":"2026-05-12T06:00:47.648353Z","level":"info","event":"Assigning outlets with DatasetAlias in Airflow 3","logger":"cosmos.operators.local","filename":"local.py","lineno":820}
