{"timestamp":"2026-05-12T05:20:42.838681Z","level":"warning","event":"section/key [openlineage/namespace] not found in config","logger":"airflow.configuration","filename":"configuration.py","lineno":1111}
{"timestamp":"2026-05-12T05:20:43.420445Z","level":"info","event":"DAG bundles loaded: dags-folder","logger":"airflow.dag_processing.bundles.manager.DagBundlesManager","filename":"manager.py","lineno":179}
{"timestamp":"2026-05-12T05:20:43.422371Z","level":"info","event":"Filling up the DagBag from /opt/airflow/dags/dbt_novapay.py","logger":"airflow.models.dagbag.DagBag","filename":"dagbag.py","lineno":593}
{"timestamp":"2026-05-12T05:20:43.529785Z","level":"info","event":"::group::Cosmos DAG parsing logs","logger":"cosmos.converter","filename":"converter.py","lineno":286}
{"timestamp":"2026-05-12T05:20:43.537739Z","level":"info","event":"Trying to parse the dbt project using dbt ls cache cosmos_cache__dbt_novapay...","logger":"cosmos.dbt.graph","filename":"graph.py","lineno":781}
{"timestamp":"2026-05-12T05:20:45.443975Z","level":"info","event":"Cosmos performance: time to calculate cache identifier cosmos_cache__dbt_novapay for current version: 1.8698560099992392","logger":"cosmos.cache","filename":"cache.py","lineno":329}
{"timestamp":"2026-05-12T05:20:45.444587Z","level":"info","event":"Cosmos performance [97b6b0d931df|508]: The cache size for cosmos_cache__dbt_novapay is 49100","logger":"cosmos.dbt.graph","filename":"graph.py","lineno":798}
{"timestamp":"2026-05-12T05:20:45.452996Z","level":"info","event":"Cosmos performance: Cache hit for cosmos_cache__dbt_novapay - 6cbafbe5c2b1b9505d9de86b539c274e,d41d8cd98f00b204e9800998ecf8427e","logger":"cosmos.dbt.graph","filename":"graph.py","lineno":806}
{"timestamp":"2026-05-12T05:20:45.454357Z","level":"info","event":"Total nodes: 54","logger":"cosmos.dbt.graph","filename":"graph.py","lineno":711}
{"timestamp":"2026-05-12T05:20:45.454783Z","level":"info","event":"Total filtered nodes: 54","logger":"cosmos.dbt.graph","filename":"graph.py","lineno":712}
{"timestamp":"2026-05-12T05:20:46.897642Z","level":"info","event":"Cosmos performance (dbt_novapay) -  [97b6b0d931df|508]: It took 3.36s to parse the dbt project for DAG using LoadMode.DBT_LS_CACHE","logger":"cosmos.converter","filename":"converter.py","lineno":333}
{"timestamp":"2026-05-12T05:20:47.037036Z","level":"info","event":"Cosmos performance (dbt_novapay) - [97b6b0d931df|508]: It took 0.139s to build the Airflow DAG.","logger":"cosmos.converter","filename":"converter.py","lineno":380}
{"timestamp":"2026-05-12T05:20:47.037321Z","level":"info","event":"::endgroup::Cosmos DAG parsing logs","logger":"cosmos.converter","filename":"converter.py","lineno":383}
{"timestamp":"2026-05-12T05:20:50.887873Z","level":"info","event":"dbtRunner is available. Using dbtRunner for invoking dbt.","logger":"cosmos.operators.local","filename":"local.py","lineno":269}
{"timestamp":"2026-05-12T05:20:50.889413Z","level":"info","event":"Cloning project to writable temp directory /tmp/tmpccteb6ez from /opt/airflow/Novapay","logger":"cosmos.operators.local","filename":"local.py","lineno":494}
{"timestamp":"2026-05-12T05:20:50.919332Z","level":"info","event":"Partial parse is enabled and the latest partial parse file is /tmp/cosmos/dbt_novapay/target/partial_parse.msgpack","logger":"cosmos.operators.local","filename":"local.py","lineno":514}
{"timestamp":"2026-05-12T05:20:50.955540Z","level":"info","event":"Profile caching is enable.","logger":"cosmos.config","filename":"config.py","lineno":382}
{"timestamp":"2026-05-12T05:20:51.101878Z","level":"info","event":"Profile found in cache using profile: /tmp/cosmos/profile/df31b6356d2d01483c014de535f802edd8aba27a84d09a429b96083edcb00d06/profiles.yml.","logger":"cosmos.config","filename":"config.py","lineno":362}
{"timestamp":"2026-05-12T05:20:51.121559Z","level":"info","event":"Trying to run dbtRunner with:\n ['deps', '--project-dir', '/tmp/tmpccteb6ez', '--profiles-dir', '/tmp/cosmos/profile/df31b6356d2d01483c014de535f802edd8aba27a84d09a429b96083edcb00d06', '--profile', 'default', '--target', 'dev', '--no-static-parser']\n in /tmp/tmpccteb6ez","logger":"cosmos.dbt.runner","filename":"runner.py","lineno":98}
{"timestamp":"2026-05-12T05:20:51.358706Z","level":"info","event":"\u001b[0m05:20:51  Running with dbt=1.11.9","logger":"task.stdout"}
{"timestamp":"2026-05-12T05:20:52.168782Z","level":"info","event":"::group::Cosmos DAG parsing logs","logger":"cosmos.converter","filename":"converter.py","lineno":286}
{"timestamp":"2026-05-12T05:20:52.174305Z","level":"info","event":"Trying to parse the dbt project using dbt ls cache cosmos_cache__dbt_novapay...","logger":"cosmos.dbt.graph","filename":"graph.py","lineno":781}
{"timestamp":"2026-05-12T05:20:52.175307Z","level":"warning","event":"Using Variable.get from `airflow.models` is deprecated.Please use `get` on Variable from sdk(`airflow.sdk.Variable`) instead","category":"DeprecationWarning","filename":"/home/airflow/.local/lib/python3.12/site-packages/airflow/models/variable.py","lineno":151,"logger":"py.warnings"}
{"timestamp":"2026-05-12T05:20:53.471482Z","level":"info","event":"Cosmos performance: time to calculate cache identifier cosmos_cache__dbt_novapay for current version: 1.2760047260007923","logger":"cosmos.cache","filename":"cache.py","lineno":329}
{"timestamp":"2026-05-12T05:20:53.472094Z","level":"info","event":"Cosmos performance [97b6b0d931df|508]: The cache size for cosmos_cache__dbt_novapay is 49100","logger":"cosmos.dbt.graph","filename":"graph.py","lineno":798}
{"timestamp":"2026-05-12T05:20:53.484426Z","level":"info","event":"Cosmos performance: Cache hit for cosmos_cache__dbt_novapay - 6cbafbe5c2b1b9505d9de86b539c274e,d41d8cd98f00b204e9800998ecf8427e","logger":"cosmos.dbt.graph","filename":"graph.py","lineno":806}
{"timestamp":"2026-05-12T05:20:53.486652Z","level":"info","event":"Total nodes: 54","logger":"cosmos.dbt.graph","filename":"graph.py","lineno":711}
{"timestamp":"2026-05-12T05:20:53.487068Z","level":"info","event":"Total filtered nodes: 54","logger":"cosmos.dbt.graph","filename":"graph.py","lineno":712}
{"timestamp":"2026-05-12T05:20:54.722256Z","level":"info","event":"Cosmos performance (dbt_novapay) -  [97b6b0d931df|508]: It took 2.55s to parse the dbt project for DAG using LoadMode.DBT_LS_CACHE","logger":"cosmos.converter","filename":"converter.py","lineno":333}
{"timestamp":"2026-05-12T05:20:54.883664Z","level":"info","event":"Cosmos performance (dbt_novapay) - [97b6b0d931df|508]: It took 0.161s to build the Airflow DAG.","logger":"cosmos.converter","filename":"converter.py","lineno":380}
{"timestamp":"2026-05-12T05:20:54.884398Z","level":"info","event":"::endgroup::Cosmos DAG parsing logs","logger":"cosmos.converter","filename":"converter.py","lineno":383}
{"timestamp":"2026-05-12T05:20:55.273220Z","level":"info","event":"\u001b[0m05:20:55  Installing dbt-labs/dbt_utils","logger":"task.stdout"}
{"timestamp":"2026-05-12T05:20:55.893344Z","level":"info","event":"\u001b[0m05:20:55  Installed from version 1.3.3","logger":"task.stdout"}
{"timestamp":"2026-05-12T05:20:55.922534Z","level":"info","event":"\u001b[0m05:20:55  Up to date!","logger":"task.stdout"}
{"timestamp":"2026-05-12T05:20:55.923161Z","level":"info","event":"\u001b[0m05:20:55  Installing Datavault-UK/automate_dv","logger":"task.stdout"}
{"timestamp":"2026-05-12T05:20:56.401904Z","level":"info","event":"\u001b[0m05:20:56  Installed from version 0.11.5","logger":"task.stdout"}
{"timestamp":"2026-05-12T05:20:56.402496Z","level":"info","event":"\u001b[0m05:20:56  Up to date!","logger":"task.stdout"}
{"timestamp":"2026-05-12T05:20:57.781986Z","level":"info","event":"Trying to run dbtRunner with:\n ['snapshot', '--select', 'fqn:NovaPay.customer_snapshot.customer_snapshot', '--project-dir', '/tmp/tmpccteb6ez', '--profiles-dir', '/tmp/cosmos/profile/df31b6356d2d01483c014de535f802edd8aba27a84d09a429b96083edcb00d06', '--profile', 'default', '--target', 'dev', '--no-static-parser']\n in /tmp/tmpccteb6ez","logger":"cosmos.dbt.runner","filename":"runner.py","lineno":98}
{"timestamp":"2026-05-12T05:20:57.812975Z","level":"info","event":"\u001b[0m05:20:57  Running with dbt=1.11.9","logger":"task.stdout"}
{"timestamp":"2026-05-12T05:20:59.506591Z","level":"info","event":"\u001b[0m05:20:59  Registered adapter: snowflake=1.11.4","logger":"task.stdout"}
{"timestamp":"2026-05-12T05:21:04.179431Z","level":"info","event":"\u001b[0m05:21:04  Found 22 models, 1 snapshot, 23 data tests, 8 sources, 920 macros","logger":"task.stdout"}
{"timestamp":"2026-05-12T05:21:04.202506Z","level":"info","event":"\u001b[0m05:21:04","logger":"task.stdout"}
{"timestamp":"2026-05-12T05:21:04.203279Z","level":"info","event":"\u001b[0m05:21:04  Concurrency: 4 threads (target='dev')","logger":"task.stdout"}
{"timestamp":"2026-05-12T05:21:04.204063Z","level":"info","event":"\u001b[0m05:21:04","logger":"task.stdout"}
{"timestamp":"2026-05-12T05:21:10.093474Z","level":"info","event":"\u001b[0m05:21:10  1 of 1 START snapshot NOVAPAY_DWH.SNAPSHOTS.customer_snapshot .................. [RUN]","logger":"task.stdout"}
{"timestamp":"2026-05-12T05:21:15.764139Z","level":"info","event":"\u001b[0m05:21:15  1 of 1 OK snapshotted NOVAPAY_DWH.SNAPSHOTS.customer_snapshot .................. [\u001b[32mSUCCESS 0\u001b[0m in 5.67s]","logger":"task.stdout"}
{"timestamp":"2026-05-12T05:21:16.342767Z","level":"info","event":"\u001b[0m05:21:16","logger":"task.stdout"}
{"timestamp":"2026-05-12T05:21:16.344379Z","level":"info","event":"\u001b[0m05:21:16  Finished running 1 snapshot in 0 hours 0 minutes and 12.16 seconds (12.16s).","logger":"task.stdout"}
{"timestamp":"2026-05-12T05:21:16.424072Z","level":"info","event":"\u001b[0m05:21:16","logger":"task.stdout"}
{"timestamp":"2026-05-12T05:21:16.424945Z","level":"info","event":"\u001b[0m05:21:16  \u001b[32mCompleted successfully\u001b[0m","logger":"task.stdout"}
{"timestamp":"2026-05-12T05:21:16.425823Z","level":"info","event":"\u001b[0m05:21:16","logger":"task.stdout"}
{"timestamp":"2026-05-12T05:21:16.426450Z","level":"info","event":"\u001b[0m05:21:16  Done. PASS=1 WARN=0 ERROR=0 SKIP=0 NO-OP=0 TOTAL=1","logger":"task.stdout"}
{"timestamp":"2026-05-12T05:21:17.516616Z","level":"warning","event":"Airflow 3.0.0 Asset (Dataset) URIs validation rules changed and OpenLineage URIs (standard used by Cosmos) are no longer accepted. Therefore, if using Cosmos with Airflow 3, the Airflow Asset (Dataset) URI is now <snowflake://YPWBZFM-AZ37177/NOVAPAY_STAGING/CRM/stg_crm__customers>. Before, with Airflow 2.x, the URI used to be <snowflake://YPWBZFM-AZ37177/NOVAPAY_STAGING.CRM.stg_crm__customers>. Please, change any DAGs that were scheduled using the old standard to the new one.","logger":"cosmos.dataset","filename":"dataset.py","lineno":227}
{"timestamp":"2026-05-12T05:21:20.070754Z","level":"warning","event":"Airflow 3.0.0 Asset (Dataset) URIs validation rules changed and OpenLineage URIs (standard used by Cosmos) are no longer accepted. Therefore, if using Cosmos with Airflow 3, the Airflow Asset (Dataset) URI is now <snowflake://YPWBZFM-AZ37177/NOVAPAY_DWH/SNAPSHOTS/customer_snapshot>. Before, with Airflow 2.x, the URI used to be <snowflake://YPWBZFM-AZ37177/NOVAPAY_DWH.SNAPSHOTS.customer_snapshot>. Please, change any DAGs that were scheduled using the old standard to the new one.","logger":"cosmos.dataset","filename":"dataset.py","lineno":227}
{"timestamp":"2026-05-12T05:21:20.072559Z","level":"info","event":"Inlets: [Asset(name='snowflake://YPWBZFM-AZ37177/NOVAPAY_STAGING/CRM/stg_crm__customers', uri='snowflake://YPWBZFM-AZ37177/NOVAPAY_STAGING/CRM/stg_crm__customers', group='asset', extra={}, watchers=[])]","logger":"cosmos.operators.local","filename":"local.py","lineno":571}
{"timestamp":"2026-05-12T05:21:20.072828Z","level":"info","event":"Outlets: [Asset(name='snowflake://YPWBZFM-AZ37177/NOVAPAY_DWH/SNAPSHOTS/customer_snapshot', uri='snowflake://YPWBZFM-AZ37177/NOVAPAY_DWH/SNAPSHOTS/customer_snapshot', group='asset', extra={}, watchers=[])]","logger":"cosmos.operators.local","filename":"local.py","lineno":572}
{"timestamp":"2026-05-12T05:21:20.073051Z","level":"info","event":"Assigning outlets with DatasetAlias in Airflow 3","logger":"cosmos.operators.local","filename":"local.py","lineno":820}
