{"timestamp":"2026-05-12T06:00:01.552760Z","level":"warning","event":"section/key [openlineage/namespace] not found in config","logger":"airflow.configuration","filename":"configuration.py","lineno":1111}
{"timestamp":"2026-05-12T06:00:02.029254Z","level":"info","event":"DAG bundles loaded: dags-folder","logger":"airflow.dag_processing.bundles.manager.DagBundlesManager","filename":"manager.py","lineno":179}
{"timestamp":"2026-05-12T06:00:02.031327Z","level":"info","event":"Filling up the DagBag from /opt/airflow/dags/dbt_novapay.py","logger":"airflow.models.dagbag.DagBag","filename":"dagbag.py","lineno":593}
{"timestamp":"2026-05-12T06:00:02.102193Z","level":"info","event":"::group::Cosmos DAG parsing logs","logger":"cosmos.converter","filename":"converter.py","lineno":286}
{"timestamp":"2026-05-12T06:00:02.106826Z","level":"info","event":"Trying to parse the dbt project using dbt ls cache cosmos_cache__dbt_novapay...","logger":"cosmos.dbt.graph","filename":"graph.py","lineno":781}
{"timestamp":"2026-05-12T06:00:03.466895Z","level":"info","event":"Cosmos performance: time to calculate cache identifier cosmos_cache__dbt_novapay for current version: 1.3096532330000628","logger":"cosmos.cache","filename":"cache.py","lineno":329}
{"timestamp":"2026-05-12T06:00:03.467253Z","level":"info","event":"Cosmos performance [97b6b0d931df|1075]: The cache size for cosmos_cache__dbt_novapay is 49100","logger":"cosmos.dbt.graph","filename":"graph.py","lineno":798}
{"timestamp":"2026-05-12T06:00:03.470895Z","level":"info","event":"Cosmos performance: Cache hit for cosmos_cache__dbt_novapay - 6cbafbe5c2b1b9505d9de86b539c274e,d41d8cd98f00b204e9800998ecf8427e","logger":"cosmos.dbt.graph","filename":"graph.py","lineno":806}
{"timestamp":"2026-05-12T06:00:03.471421Z","level":"info","event":"Total nodes: 54","logger":"cosmos.dbt.graph","filename":"graph.py","lineno":711}
{"timestamp":"2026-05-12T06:00:03.471500Z","level":"info","event":"Total filtered nodes: 54","logger":"cosmos.dbt.graph","filename":"graph.py","lineno":712}
{"timestamp":"2026-05-12T06:00:05.132226Z","level":"info","event":"Cosmos performance (dbt_novapay) -  [97b6b0d931df|1075]: It took 3.02s to parse the dbt project for DAG using LoadMode.DBT_LS_CACHE","logger":"cosmos.converter","filename":"converter.py","lineno":333}
{"timestamp":"2026-05-12T06:00:05.255456Z","level":"info","event":"Cosmos performance (dbt_novapay) - [97b6b0d931df|1075]: It took 0.124s to build the Airflow DAG.","logger":"cosmos.converter","filename":"converter.py","lineno":380}
{"timestamp":"2026-05-12T06:00:05.255732Z","level":"info","event":"::endgroup::Cosmos DAG parsing logs","logger":"cosmos.converter","filename":"converter.py","lineno":383}
{"timestamp":"2026-05-12T06:00:09.207759Z","level":"info","event":"dbtRunner is available. Using dbtRunner for invoking dbt.","logger":"cosmos.operators.local","filename":"local.py","lineno":269}
{"timestamp":"2026-05-12T06:00:09.209007Z","level":"info","event":"Cloning project to writable temp directory /tmp/tmpd0l6_8ea from /opt/airflow/Novapay","logger":"cosmos.operators.local","filename":"local.py","lineno":494}
{"timestamp":"2026-05-12T06:00:09.238698Z","level":"info","event":"Partial parse is enabled and the latest partial parse file is /tmp/cosmos/dbt_novapay/target/partial_parse.msgpack","logger":"cosmos.operators.local","filename":"local.py","lineno":514}
{"timestamp":"2026-05-12T06:00:09.339217Z","level":"info","event":"Profile caching is enable.","logger":"cosmos.config","filename":"config.py","lineno":382}
{"timestamp":"2026-05-12T06:00:09.401273Z","level":"info","event":"Profile found in cache using profile: /tmp/cosmos/profile/df31b6356d2d01483c014de535f802edd8aba27a84d09a429b96083edcb00d06/profiles.yml.","logger":"cosmos.config","filename":"config.py","lineno":362}
{"timestamp":"2026-05-12T06:00:09.423247Z","level":"info","event":"Trying to run dbtRunner with:\n ['deps', '--project-dir', '/tmp/tmpd0l6_8ea', '--profiles-dir', '/tmp/cosmos/profile/df31b6356d2d01483c014de535f802edd8aba27a84d09a429b96083edcb00d06', '--profile', 'default', '--target', 'dev', '--no-static-parser']\n in /tmp/tmpd0l6_8ea","logger":"cosmos.dbt.runner","filename":"runner.py","lineno":98}
{"timestamp":"2026-05-12T06:00:09.658915Z","level":"info","event":"\u001b[0m06:00:09  Running with dbt=1.11.9","logger":"task.stdout"}
{"timestamp":"2026-05-12T06:00:10.388717Z","level":"info","event":"::group::Cosmos DAG parsing logs","logger":"cosmos.converter","filename":"converter.py","lineno":286}
{"timestamp":"2026-05-12T06:00:10.392705Z","level":"info","event":"Trying to parse the dbt project using dbt ls cache cosmos_cache__dbt_novapay...","logger":"cosmos.dbt.graph","filename":"graph.py","lineno":781}
{"timestamp":"2026-05-12T06:00:10.393308Z","level":"warning","event":"Using Variable.get from `airflow.models` is deprecated.Please use `get` on Variable from sdk(`airflow.sdk.Variable`) instead","category":"DeprecationWarning","filename":"/home/airflow/.local/lib/python3.12/site-packages/airflow/models/variable.py","lineno":151,"logger":"py.warnings"}
{"timestamp":"2026-05-12T06:00:12.497142Z","level":"info","event":"Cosmos performance: time to calculate cache identifier cosmos_cache__dbt_novapay for current version: 2.061915332999888","logger":"cosmos.cache","filename":"cache.py","lineno":329}
{"timestamp":"2026-05-12T06:00:12.497633Z","level":"info","event":"Cosmos performance [97b6b0d931df|1075]: The cache size for cosmos_cache__dbt_novapay is 49100","logger":"cosmos.dbt.graph","filename":"graph.py","lineno":798}
{"timestamp":"2026-05-12T06:00:12.504401Z","level":"info","event":"Cosmos performance: Cache hit for cosmos_cache__dbt_novapay - 6cbafbe5c2b1b9505d9de86b539c274e,d41d8cd98f00b204e9800998ecf8427e","logger":"cosmos.dbt.graph","filename":"graph.py","lineno":806}
{"timestamp":"2026-05-12T06:00:12.507624Z","level":"info","event":"Total nodes: 54","logger":"cosmos.dbt.graph","filename":"graph.py","lineno":711}
{"timestamp":"2026-05-12T06:00:12.508244Z","level":"info","event":"Total filtered nodes: 54","logger":"cosmos.dbt.graph","filename":"graph.py","lineno":712}
{"timestamp":"2026-05-12T06:00:14.837359Z","level":"info","event":"Cosmos performance (dbt_novapay) -  [97b6b0d931df|1075]: It took 4.44s to parse the dbt project for DAG using LoadMode.DBT_LS_CACHE","logger":"cosmos.converter","filename":"converter.py","lineno":333}
{"timestamp":"2026-05-12T06:00:15.158689Z","level":"info","event":"Cosmos performance (dbt_novapay) - [97b6b0d931df|1075]: It took 0.321s to build the Airflow DAG.","logger":"cosmos.converter","filename":"converter.py","lineno":380}
{"timestamp":"2026-05-12T06:00:15.159263Z","level":"info","event":"::endgroup::Cosmos DAG parsing logs","logger":"cosmos.converter","filename":"converter.py","lineno":383}
{"timestamp":"2026-05-12T06:00:16.278611Z","level":"info","event":"\u001b[0m06:00:16  Installing dbt-labs/dbt_utils","logger":"task.stdout"}
{"timestamp":"2026-05-12T06:00:17.182665Z","level":"info","event":"\u001b[0m06:00:17  Installed from version 1.3.3","logger":"task.stdout"}
{"timestamp":"2026-05-12T06:00:17.186853Z","level":"info","event":"\u001b[0m06:00:17  Up to date!","logger":"task.stdout"}
{"timestamp":"2026-05-12T06:00:17.187407Z","level":"info","event":"\u001b[0m06:00:17  Installing Datavault-UK/automate_dv","logger":"task.stdout"}
{"timestamp":"2026-05-12T06:00:18.050646Z","level":"info","event":"\u001b[0m06:00:18  Installed from version 0.11.5","logger":"task.stdout"}
{"timestamp":"2026-05-12T06:00:18.051752Z","level":"info","event":"\u001b[0m06:00:18  Up to date!","logger":"task.stdout"}
{"timestamp":"2026-05-12T06:00:19.483842Z","level":"info","event":"Trying to run dbtRunner with:\n ['run', '--select', 'fqn:NovaPay.staging.transactions.stg_transactions__payments', '--project-dir', '/tmp/tmpd0l6_8ea', '--profiles-dir', '/tmp/cosmos/profile/df31b6356d2d01483c014de535f802edd8aba27a84d09a429b96083edcb00d06', '--profile', 'default', '--target', 'dev', '--no-static-parser']\n in /tmp/tmpd0l6_8ea","logger":"cosmos.dbt.runner","filename":"runner.py","lineno":98}
{"timestamp":"2026-05-12T06:00:19.539929Z","level":"info","event":"\u001b[0m06:00:19  Running with dbt=1.11.9","logger":"task.stdout"}
{"timestamp":"2026-05-12T06:00:23.617992Z","level":"info","event":"\u001b[0m06:00:23  Registered adapter: snowflake=1.11.4","logger":"task.stdout"}
{"timestamp":"2026-05-12T06:00:30.079688Z","level":"info","event":"\u001b[0m06:00:30  Found 22 models, 1 snapshot, 23 data tests, 8 sources, 920 macros","logger":"task.stdout"}
{"timestamp":"2026-05-12T06:00:30.087696Z","level":"info","event":"\u001b[0m06:00:30","logger":"task.stdout"}
{"timestamp":"2026-05-12T06:00:30.088878Z","level":"info","event":"\u001b[0m06:00:30  Concurrency: 4 threads (target='dev')","logger":"task.stdout"}
{"timestamp":"2026-05-12T06:00:30.089897Z","level":"info","event":"\u001b[0m06:00:30","logger":"task.stdout"}
{"timestamp":"2026-05-12T06:00:35.493668Z","level":"info","event":"\u001b[0m06:00:35  1 of 1 START sql incremental model TRANSACTIONS.stg_transactions__payments ..... [RUN]","logger":"task.stdout"}
{"timestamp":"2026-05-12T06:00:43.010070Z","level":"info","event":"\u001b[0m06:00:43  1 of 1 OK created sql incremental model TRANSACTIONS.stg_transactions__payments  [\u001b[32mSUCCESS 500000\u001b[0m in 7.50s]","logger":"task.stdout"}
{"timestamp":"2026-05-12T06:00:43.769314Z","level":"info","event":"\u001b[0m06:00:43","logger":"task.stdout"}
{"timestamp":"2026-05-12T06:00:43.770088Z","level":"info","event":"\u001b[0m06:00:43  Finished running 1 incremental model in 0 hours 0 minutes and 13.68 seconds (13.68s).","logger":"task.stdout"}
{"timestamp":"2026-05-12T06:00:44.050319Z","level":"info","event":"\u001b[0m06:00:44","logger":"task.stdout"}
{"timestamp":"2026-05-12T06:00:44.051675Z","level":"info","event":"\u001b[0m06:00:44  \u001b[32mCompleted successfully\u001b[0m","logger":"task.stdout"}
{"timestamp":"2026-05-12T06:00:44.054383Z","level":"info","event":"\u001b[0m06:00:44","logger":"task.stdout"}
{"timestamp":"2026-05-12T06:00:44.057801Z","level":"info","event":"\u001b[0m06:00:44  Done. PASS=1 WARN=0 ERROR=0 SKIP=0 NO-OP=0 TOTAL=1","logger":"task.stdout"}
{"timestamp":"2026-05-12T06:00:45.564459Z","level":"warning","event":"Airflow 3.0.0 Asset (Dataset) URIs validation rules changed and OpenLineage URIs (standard used by Cosmos) are no longer accepted. Therefore, if using Cosmos with Airflow 3, the Airflow Asset (Dataset) URI is now <snowflake://YPWBZFM-AZ37177/NOVAPAY_RAW/TRANSACTIONS/payments>. Before, with Airflow 2.x, the URI used to be <snowflake://YPWBZFM-AZ37177/NOVAPAY_RAW.TRANSACTIONS.payments>. Please, change any DAGs that were scheduled using the old standard to the new one.","logger":"cosmos.dataset","filename":"dataset.py","lineno":227}
{"timestamp":"2026-05-12T06:00:51.462539Z","level":"warning","event":"Airflow 3.0.0 Asset (Dataset) URIs validation rules changed and OpenLineage URIs (standard used by Cosmos) are no longer accepted. Therefore, if using Cosmos with Airflow 3, the Airflow Asset (Dataset) URI is now <snowflake://YPWBZFM-AZ37177/NOVAPAY_STAGING/TRANSACTIONS/stg_transactions__payments>. Before, with Airflow 2.x, the URI used to be <snowflake://YPWBZFM-AZ37177/NOVAPAY_STAGING.TRANSACTIONS.stg_transactions__payments>. Please, change any DAGs that were scheduled using the old standard to the new one.","logger":"cosmos.dataset","filename":"dataset.py","lineno":227}
{"timestamp":"2026-05-12T06:00:51.472965Z","level":"info","event":"Inlets: [Asset(name='snowflake://YPWBZFM-AZ37177/NOVAPAY_RAW/TRANSACTIONS/payments', uri='snowflake://YPWBZFM-AZ37177/NOVAPAY_RAW/TRANSACTIONS/payments', group='asset', extra={}, watchers=[])]","logger":"cosmos.operators.local","filename":"local.py","lineno":571}
{"timestamp":"2026-05-12T06:00:51.473378Z","level":"info","event":"Outlets: [Asset(name='snowflake://YPWBZFM-AZ37177/NOVAPAY_STAGING/TRANSACTIONS/stg_transactions__payments', uri='snowflake://YPWBZFM-AZ37177/NOVAPAY_STAGING/TRANSACTIONS/stg_transactions__payments', group='asset', extra={}, watchers=[])]","logger":"cosmos.operators.local","filename":"local.py","lineno":572}
{"timestamp":"2026-05-12T06:00:51.473862Z","level":"info","event":"Assigning outlets with DatasetAlias in Airflow 3","logger":"cosmos.operators.local","filename":"local.py","lineno":820}
